
=================================================== keil-build-viewer v1.5b ==================================================
 
[Search keil project] 2 item(s)
	G:\code\ART-PI\project.uvprojx
	G:\code\ART-PI\template.uvprojx
[param 1] -NOPATH

[User input] 
[Current folder] G:\code\ART-PI
[Encoding] 936
[Keil project path] G:\code\ART-PI\template.uvprojx
[Keil project name] template.uvprojx
[Is keil v4] 0
[target name] rt-thread
[final target name] rt-thread

[Device] STM32H750XBHx
[Target name] 
[Output name] rt-thread
[Output path] .\build\
[Listing path] .\build\
[Is has pack] 1
[Is enbale LTO] 0
[Is has user library] 0
[Is custom scatter file] 1

[template.uvprojx]  [rt-thread]  [STM32H750XBHx]
 
[memory info]
[name] IRAM [base addr] 0x20000000 [size] 0x00020000 [type] 1 [off-chip] 0 [is pack] 1 [ID] 2 
[name] IRAM2 [base addr] 0x24000000 [size] 0x00080000 [type] 1 [off-chip] 0 [is pack] 1 [ID] 3 
[name] IROM [base addr] 0x08000000 [size] 0x00020000 [type] 2 [off-chip] 0 [is pack] 1 [ID] 4 
[name] XRAM [base addr] 0x30000000 [size] 0x00048000 [type] 1 [off-chip] 0 [is pack] 1 [ID] 5 
[name] XRAM2 [base addr] 0x38000000 [size] 0x00010000 [type] 1 [off-chip] 0 [is pack] 1 [ID] 6 

Note: source file 'rt-thread\components\drivers\rtc\rtc.c' - object file renamed from '.\build\rtc_rtc.o' to '.\build\rtc_rtc.o'.

[map file path] G:\code\ART-PI\build\rt-thread.map

[region info]
[load region] LR_IROM1
	[execution region] RW_IRAM1, 0x24000000, 0x00070000, 0x00003DE0 [memory type] 1 [memory ID] 3
		[ZI block] addr: 0x24000480, size: 0x00003960 (14688)

	[execution region] USB_NOCACHERAM, 0x24070000, 0x00010000, 0x00000580 [memory type] 1 [memory ID] 3

	[execution region] ER_IROM1, 0x90000000, 0x00800000, 0x0002A0F8 [memory type] 3 [memory ID] 1


[object name max length] 0
[object path max length] 0

[object in map file]
[object name] block_dev.o           [path] (null)
[object name] board.o       [path] (null)
[object name] cdc_acm_template.o                  [path] (null)
[object name] clock.o       [path] (null)
[object name] cm_backtrace.o              [path] (null)
[object name] cmb_port.o          [path] (null)
[object name] cmd.o     [path] (null)
[object name] completion_comm.o                 [path] (null)
[object name] completion_up.o               [path] (null)
[object name] components.o            [path] (null)
[object name] console_be.o            [path] (null)
[object name] context_rvds.o              [path] (null)
[object name] cpu_cache.o           [path] (null)
[object name] cpu_up.o        [path] (null)
[object name] cpuport.o         [path] (null)
[object name] ctime.o       [path] (null)
[object name] devfs.o       [path] (null)
[object name] device.o        [path] (null)
[object name] dfs.o     [path] (null)
[object name] dfs_elm.o         [path] (null)
[object name] dfs_file.o          [path] (null)
[object name] dfs_fs.o        [path] (null)
[object name] dfs_posix.o           [path] (null)
[object name] dfs_romfs.o           [path] (null)
[object name] drv_common.o            [path] (null)
[object name] drv_gpio.o          [path] (null)
[object name] drv_led.o         [path] (null)
[object name] drv_mpu.o         [path] (null)
[object name] drv_rtc.o         [path] (null)
[object name] drv_sdmmc.o           [path] (null)
[object name] drv_spi.o         [path] (null)
[object name] drv_usart_v2.o              [path] (null)
[object name] drv_wdt.o         [path] (null)
[object name] fal.o     [path] (null)
[object name] fal_flash.o           [path] (null)
[object name] fal_flash_sfud_port.o                     [path] (null)
[object name] fal_partition.o               [path] (null)
[object name] fal_rtt.o         [path] (null)
[object name] ff.o    [path] (null)
[object name] ffunicode.o           [path] (null)
[object name] filesystem.o            [path] (null)
[object name] gpio.o      [path] (null)
[object name] gpt.o     [path] (null)
[object name] idle.o      [path] (null)
[object name] ipc.o     [path] (null)
[object name] irq.o     [path] (null)
[object name] kservice.o          [path] (null)
[object name] kstdio.o        [path] (null)
[object name] kstring.o         [path] (null)
[object name] main.o      [path] (null)
[object name] mem.o     [path] (null)
[object name] mmc.o     [path] (null)
[object name] mmcsd_core.o            [path] (null)
[object name] msh.o     [path] (null)
[object name] msh_file.o          [path] (null)
[object name] msh_parse.o           [path] (null)
[object name] object.o        [path] (null)
[object name] pin.o     [path] (null)
[object name] ringblk_buf.o             [path] (null)
[object name] ringbuffer.o            [path] (null)
[object name] rt_kprintf.o            [path] (null)
[object name] rt_memcpy_rvds.o                [path] (null)
[object name] rt_vsnprintf.o              [path] (null)
[object name] rtc.o     [path] (null)
[object name] rtc_rtc.o         [path] (null)
[object name] scheduler_comm.o                [path] (null)
[object name] scheduler_up.o              [path] (null)
[object name] sd.o    [path] (null)
[object name] sdio.o      [path] (null)
[object name] sdmmc.o       [path] (null)
[object name] serial_v2.o           [path] (null)
[object name] sfud.o      [path] (null)
[object name] sfud_sfdp.o           [path] (null)
[object name] shell.o       [path] (null)
[object name] spi.o     [path] (null)
[object name] spi_core.o          [path] (null)
[object name] spi_dev.o         [path] (null)
[object name] spi_flash_init.o                [path] (null)
[object name] spi_flash_sfud.o                [path] (null)
[object name] startup_stm32h750xx.o                     [path] (null)
[object name] stm32h7xx_hal.o               [path] (null)
[object name] stm32h7xx_hal_cortex.o                      [path] (null)
[object name] stm32h7xx_hal_dma.o                   [path] (null)
[object name] stm32h7xx_hal_gpio.o                    [path] (null)
[object name] stm32h7xx_hal_iwdg.o                    [path] (null)
[object name] stm32h7xx_hal_msp.o                   [path] (null)
[object name] stm32h7xx_hal_pwr.o                   [path] (null)
[object name] stm32h7xx_hal_pwr_ex.o                      [path] (null)
[object name] stm32h7xx_hal_rcc.o                   [path] (null)
[object name] stm32h7xx_hal_rcc_ex.o                      [path] (null)
[object name] stm32h7xx_hal_rtc.o                   [path] (null)
[object name] stm32h7xx_hal_rtc_ex.o                      [path] (null)
[object name] stm32h7xx_hal_spi.o                   [path] (null)
[object name] stm32h7xx_hal_uart.o                    [path] (null)
[object name] stm32h7xx_hal_uart_ex.o                       [path] (null)
[object name] stm32h7xx_it.o              [path] (null)
[object name] stm32h7xx_ll_sdmmc.o                    [path] (null)
[object name] system_stm32h7xx.o                  [path] (null)
[object name] thread.o        [path] (null)
[object name] timer.o       [path] (null)
[object name] ulog.o      [path] (null)
[object name] usart.o       [path] (null)
[object name] usb_dc_dwc2.o             [path] (null)
[object name] usb_glue_st.o             [path] (null)
[object name] usbd_cdc.o          [path] (null)
[object name] usbd_core.o           [path] (null)
[object name] user_led.o          [path] (null)
[object name] watchdog.o          [path] (null)

[file path in keil project]

[record region info]
[load region] LR_IROM1
	[execution region] RW_IRAM1, 0x24000000, 0x00070000, 0x00003DE0 [type] 1 [ID] 3
	[execution region] USB_NOCACHERAM, 0x24070000, 0x00010000, 0x00000580 [type] 1 [ID] 3
	[execution region] ER_IROM1, 0x90000000, 0x00800000, 0x0002A0F8 [type] 3 [ID] 1
----------------------------------------------------------------
 FILE(s) |         RAM (byte)       |       FLASH (byte)       |
----------------------------------------------------------------
----------------------------------------------------------------
[memory print mode]: 0
LR_IROM1
        RAM 1                   [0x20000000 | 0x00020000 (131072)]
                NULL
 
        RAM 2                   [0x24000000 | 0x00080000 (524288)]
                [zi start] 1   [zi end] 1
                RW_IRAM1        [0x24000000]|¡ö_________________________________________________| (  15.4 KB / 448.0 KB )   3.5%  
                USB_NOCACHERAM  [0x24070000]|¡ö_________________________________________________| (   1.3 KB /  64.0 KB )   2.1%  
 
        RAM 3                   [0x30000000 | 0x00048000 (294912)]
                NULL
 
        RAM 4                   [0x38000000 | 0x00010000 (65536)]
                NULL
 
        FLASH 1                 [0x08000000 | 0x00020000 (131072)]
                NULL
 
        UNKNOWN
                ER_IROM1        [0x90000000]|¡ö_________________________________________________| ( 168.2 KB /   8.0 MB )   2.1%  
 
[htm file path] G:\code\ART-PI\build\rt-thread.htm
Maximum Stack Usage =       2376 bytes + Unknown(Functions without stacksize, Cycles, Untraceable Function Pointers)
 
=============================================================================================================================

run time: 0.616 s
